<?xml version="1.0" encoding="UTF-8"?>
<!-- Generated by org.testng.reporters.JUnitReportReporter -->
<testsuite hostname="DESKTOP-10BP95J" failures="0" tests="5" name="RestTEST.Rest_validation" time="4.721" errors="0" timestamp="2023-04-13T15:13:58 IST" skipped="0">
  <testcase classname="RestTEST.Rest_validation" name="validate_Statuscode" time="2.877"/>
  <system-out/>
  <testcase classname="RestTEST.Rest_validation" name="validate_logging" time="0.244"/>
  <system-out/>
  <testcase classname="RestTEST.Rest_validation" name="validate_SingleUsercontent" time="1.250"/>
  <system-out/>
  <testcase classname="RestTEST.Rest_validation" name="validate_MultipleUsercontent" time="0.182"/>
  <system-out/>
  <testcase classname="RestTEST.Rest_validation" name="validate_ParamAndHeader" time="0.168"/>
  <system-out/>
</testsuite> <!-- RestTEST.Rest_validation -->
