<?xml version="1.0" encoding="UTF-8"?>
<!-- Generated by org.testng.reporters.JUnitReportReporter -->
<testsuite hostname="DESKTOP-10BP95J" failures="0" tests="1" name="RestTEST.Rest_DeleteMethod" time="3.529" errors="0" timestamp="2023-04-14T14:18:50 IST" skipped="0">
  <testcase classname="RestTEST.Rest_DeleteMethod" name="testData" time="3.529"/>
  <system-out/>
</testsuite> <!-- RestTEST.Rest_DeleteMethod -->
