<?xml version="1.0" encoding="UTF-8"?>
<!-- Generated by org.testng.reporters.JUnitReportReporter -->
<testsuite hostname="DESKTOP-10BP95J" failures="0" tests="5" name="RestTEST.Rest_validationofXML" time="5.813" errors="0" timestamp="2023-04-13T17:01:24 IST" skipped="0">
  <testcase classname="RestTEST.Rest_validationofXML" name="validate_singleusercontent" time="0.519"/>
  <system-out/>
  <testcase classname="RestTEST.Rest_validationofXML" name="validate_xmlResponse" time="0.420"/>
  <system-out/>
  <testcase classname="RestTEST.Rest_validationofXML" name="validate_xmlResponse2ndWay" time="0.411"/>
  <system-out/>
  <testcase classname="RestTEST.Rest_validationofXML" name="validate_multipleusercontentinoneGo" time="0.433"/>
  <system-out/>
  <testcase classname="RestTEST.Rest_validationofXML" name="validate_multipleusercontent" time="4.030"/>
  <system-out/>
</testsuite> <!-- RestTEST.Rest_validationofXML -->
