<?xml version="1.0" encoding="UTF-8"?>
<!-- Generated by org.testng.reporters.JUnitReportReporter -->
<testsuite hostname="DESKTOP-10BP95J" failures="0" tests="1" name="RestTEST.Rest_postMethod" time="4.688" errors="0" timestamp="2023-04-14T14:12:20 IST" skipped="0">
  <testcase classname="RestTEST.Rest_postMethod" name="testData" time="4.688"/>
  <system-out/>
</testsuite> <!-- RestTEST.Rest_postMethod -->
