<?xml version="1.0" encoding="UTF-8"?>
<!-- Generated by org.testng.reporters.JUnitReportReporter -->
<testsuite hostname="DESKTOP-10BP95J" failures="0" tests="1" name="RestTEST.Rest_putMethod" time="6.471" errors="0" timestamp="2023-04-13T13:41:42 IST" skipped="0">
  <testcase classname="RestTEST.Rest_putMethod" name="testData" time="6.471"/>
  <system-out/>
</testsuite> <!-- RestTEST.Rest_putMethod -->
